<?xml version="1.0" encoding="UTF-8"?>
<!-- Generated by org.testng.reporters.JUnitReportReporter -->
<testsuite skipped="1" hostname="DESKTOP-G5OR1MT" name="com.test.pnt.PNT_Project.NewTest" tests="4" failures="0" timestamp="2021-12-08T20:14:33 EST" time="0.017" errors="0">
  <testcase name="f2" time="0.006" classname="com.test.pnt.PNT_Project.NewTest"/>
  <system-out/>
  <testcase name="f" time="0.009" classname="com.test.pnt.PNT_Project.NewTest"/>
  <system-out/>
  <testcase name="f2" time="0.002" classname="com.test.pnt.PNT_Project.NewTest"/>
  <system-out/>
  <testcase name="f1" classname="com.test.pnt.PNT_Project.NewTest">
    <skipped/>
  </testcase> <!-- f1 -->
  <system-out/>
</testsuite> <!-- com.test.pnt.PNT_Project.NewTest -->
