<?xml version="1.0" encoding="UTF-8"?>
<!-- Generated by org.testng.reporters.JUnitReportReporter -->
<testsuite skipped="0" hostname="DESKTOP-G5OR1MT" name="com.test.pnt.PNT_Project.SignInAmazon" tests="1" failures="0" timestamp="2021-12-09T00:13:39 EST" time="28.985" errors="0">
  <testcase name="f" time="28.985" classname="com.test.pnt.PNT_Project.SignInAmazon"/>
  <system-out/>
</testsuite> <!-- com.test.pnt.PNT_Project.SignInAmazon -->
