<?xml version="1.0" encoding="UTF-8"?>
<!-- Generated by org.testng.reporters.JUnitReportReporter -->
<testsuite skipped="0" hostname="DESKTOP-G5OR1MT" name="com.test.pnt.PNT_Project.NewTestAnnotations" tests="3" failures="0" timestamp="2021-12-08T19:27:13 EST" time="0.022" errors="0">
  <testcase name="f" time="0.013" classname="com.test.pnt.PNT_Project.NewTestAnnotations"/>
  <system-out/>
  <testcase name="f3" time="0.004" classname="com.test.pnt.PNT_Project.NewTestAnnotations"/>
  <system-out/>
  <testcase name="f2" time="0.005" classname="com.test.pnt.PNT_Project.NewTestAnnotations"/>
  <system-out/>
</testsuite> <!-- com.test.pnt.PNT_Project.NewTestAnnotations -->
